#
# There is insufficient memory for the Java Runtime Environment to continue.
# Native memory allocation (malloc) failed to allocate 657552 bytes. Error detail: Chunk::new
# Possible reasons:
#   The system is out of physical RAM or swap space
#   This process is running with CompressedOops enabled, and the Java Heap may be blocking the growth of the native heap
# Possible solutions:
#   Reduce memory load on the system
#   Increase physical memory or swap space
#   Check if swap backing store is full
#   Decrease Java heap size (-Xmx/-Xms)
#   Decrease number of Java threads
#   Decrease Java thread stack sizes (-Xss)
#   Set larger code cache with -XX:ReservedCodeCacheSize=
#   JVM is running with Unscaled Compressed Oops mode in which the Java heap is
#     placed in the first 4GB address space. The Java Heap base address is the
#     maximum limit for the native heap growth. Please use -XX:HeapBaseMinAddress
#     to set the Java Heap base and to place the Java Heap above 4GB virtual address.
# This output file may be truncated or incomplete.
#
#  Out of Memory Error (arena.cpp:168), pid=21644, tid=23544
#
# JRE version: OpenJDK Runtime Environment Temurin-21.0.10+7 (21.0.10+7) (build 21.0.10+7-LTS)
# Java VM: OpenJDK 64-Bit Server VM Temurin-21.0.10+7 (21.0.10+7-LTS, mixed mode, sharing, tiered, compressed oops, compressed class ptrs, parallel gc, windows-amd64)
# No core dump will be written. Minidumps are not enabled by default on client versions of Windows
#

---------------  S U M M A R Y ------------

Command Line: --add-modules=ALL-SYSTEM --add-opens=java.base/java.util=ALL-UNNAMED --add-opens=java.base/java.lang=ALL-UNNAMED --add-opens=java.base/sun.nio.fs=ALL-UNNAMED -Declipse.application=org.eclipse.jdt.ls.core.id1 -Dosgi.bundles.defaultStartLevel=4 -Declipse.product=org.eclipse.jdt.ls.core.product -Djava.import.generatesMetadataFilesAtProjectRoot=false -DDetectVMInstallationsJob.disabled=true -Dfile.encoding=utf8 -XX:+UseParallelGC -XX:GCTimeRatio=4 -XX:AdaptiveSizePolicyWeight=90 -Dsun.zip.disableMemoryMapping=true -Xmx2G -Xms100m -Xlog:disable -javaagent:c:\Users\Administrator\.vscode\extensions\redhat.java-1.54.0-win32-x64\lombok\lombok-1.18.39-4050.jar -XX:+HeapDumpOnOutOfMemoryError -XX:HeapDumpPath=c:\Users\Administrator\AppData\Roaming\Code\User\workspaceStorage\8ec17e35a86be590eb1783ef47bd029b\redhat.java -Daether.dependencyCollector.impl=bf c:\Users\Administrator\.vscode\extensions\redhat.java-1.54.0-win32-x64\server\plugins\org.eclipse.equinox.launcher_1.7.100.v20251111-0406.jar -configuration c:\Users\Administrator\AppData\Roaming\Code\User\globalStorage\redhat.java\1.54.0\config_win -data c:\Users\Administrator\AppData\Roaming\Code\User\workspaceStorage\8ec17e35a86be590eb1783ef47bd029b\redhat.java\jdt_ws --pipe=\\.\pipe\lsp-b33b70c2a908301b2541e58822ea85b8-sock

Host: Intel(R) Core(TM) i5-7200U CPU @ 2.50GHz, 4 cores, 7G,  Windows 10 , 64 bit Build 19041 (10.0.19041.3636)
Time: Tue May 26 16:35:39 2026 SE Asia Standard Time elapsed time: 1173.846829 seconds (0d 0h 19m 33s)

---------------  T H R E A D  ---------------

Current thread (0x000002a9eefd8000):  JavaThread "C2 CompilerThread0" daemon [_thread_in_native, id=23544, stack(0x000000f3b3a00000,0x000000f3b3b00000) (1024K)]


Current CompileTask:
C2:1173846 13499   !   4       org.eclipse.jdt.internal.core.JavaProject::getOption (43 bytes)

Stack: [0x000000f3b3a00000,0x000000f3b3b00000]
Native frames: (J=compiled Java code, j=interpreted, Vv=VM code, C=native code)
V  [jvm.dll+0x6d7a39]
V  [jvm.dll+0x8b4b26]
V  [jvm.dll+0x8b70de]
V  [jvm.dll+0x8b77c3]
V  [jvm.dll+0x284346]
V  [jvm.dll+0xc66ed]
V  [jvm.dll+0xc6c31]
V  [jvm.dll+0x3bec3b]
V  [jvm.dll+0x1e3d62]
V  [jvm.dll+0x24c6b3]
V  [jvm.dll+0x24bb40]
V  [jvm.dll+0x1cb34e]
V  [jvm.dll+0x25b85d]
V  [jvm.dll+0x259dea]
V  [jvm.dll+0x3f857e]
V  [jvm.dll+0x85f59d]
V  [jvm.dll+0x6d626d]
C  [ucrtbase.dll+0x21bb2]
C  [KERNEL32.DLL+0x17344]
C  [ntdll.dll+0x4cc91]


---------------  P R O C E S S  ---------------

Threads class SMR info:
_java_thread_list=0x000002a9f667b9d0, length=32, elements={
0x000002a9d617e140, 0x000002a9eefcc5c0, 0x000002a9eefce000, 0x000002a9eefcfa40,
0x000002a9eefd2ad0, 0x000002a9eefd37f0, 0x000002a9eefd5260, 0x000002a9eefd8000,
0x000002a9ef047030, 0x000002a9f4223040, 0x000002a9f41e6ae0, 0x000002a9f4869230,
0x000002a9f4a611f0, 0x000002a9f4a8ab70, 0x000002a9f483bfd0, 0x000002a9f4f931c0,
0x000002a9f48a4b00, 0x000002a9f4d61670, 0x000002a9f45b4840, 0x000002a9f45b41b0,
0x000002a9f45b4ed0, 0x000002a9f45b6fa0, 0x000002a9f500fb90, 0x000002a9f5014a50,
0x000002a9f5012980, 0x000002a9f5013d30, 0x000002a9f500ee70, 0x000002a9f5010f40,
0x000002a9f50115d0, 0x000002a9f50136a0, 0x000002a9f45b5bf0, 0x000002a9f45b3b20
}

Java Threads: ( => current thread )
  0x000002a9d617e140 JavaThread "main"                              [_thread_blocked, id=23388, stack(0x000000f3b3000000,0x000000f3b3100000) (1024K)]
  0x000002a9eefcc5c0 JavaThread "Reference Handler"          daemon [_thread_blocked, id=6544, stack(0x000000f3b3400000,0x000000f3b3500000) (1024K)]
  0x000002a9eefce000 JavaThread "Finalizer"                  daemon [_thread_blocked, id=21140, stack(0x000000f3b3500000,0x000000f3b3600000) (1024K)]
  0x000002a9eefcfa40 JavaThread "Signal Dispatcher"          daemon [_thread_blocked, id=9980, stack(0x000000f3b3600000,0x000000f3b3700000) (1024K)]
  0x000002a9eefd2ad0 JavaThread "Attach Listener"            daemon [_thread_blocked, id=23476, stack(0x000000f3b3700000,0x000000f3b3800000) (1024K)]
  0x000002a9eefd37f0 JavaThread "Service Thread"             daemon [_thread_blocked, id=9188, stack(0x000000f3b3800000,0x000000f3b3900000) (1024K)]
  0x000002a9eefd5260 JavaThread "Monitor Deflation Thread"   daemon [_thread_blocked, id=13824, stack(0x000000f3b3900000,0x000000f3b3a00000) (1024K)]
=>0x000002a9eefd8000 JavaThread "C2 CompilerThread0"         daemon [_thread_in_native, id=23544, stack(0x000000f3b3a00000,0x000000f3b3b00000) (1024K)]
  0x000002a9ef047030 JavaThread "C1 CompilerThread0"         daemon [_thread_blocked, id=16240, stack(0x000000f3b3b00000,0x000000f3b3c00000) (1024K)]
  0x000002a9f4223040 JavaThread "Common-Cleaner"             daemon [_thread_blocked, id=15792, stack(0x000000f3b3c00000,0x000000f3b3d00000) (1024K)]
  0x000002a9f41e6ae0 JavaThread "Notification Thread"        daemon [_thread_blocked, id=12128, stack(0x000000f3b3d00000,0x000000f3b3e00000) (1024K)]
  0x000002a9f4869230 JavaThread "Active Thread: Equinox Container: 9ab6fc85-a3dd-45c6-809d-34bb61d47ee3"        [_thread_blocked, id=19700, stack(0x000000f3b4200000,0x000000f3b4300000) (1024K)]
  0x000002a9f4a611f0 JavaThread "Refresh Thread: Equinox Container: 9ab6fc85-a3dd-45c6-809d-34bb61d47ee3" daemon [_thread_blocked, id=11020, stack(0x000000f3b4300000,0x000000f3b4400000) (1024K)]
  0x000002a9f4a8ab70 JavaThread "Framework Event Dispatcher: Equinox Container: 9ab6fc85-a3dd-45c6-809d-34bb61d47ee3" daemon [_thread_blocked, id=20608, stack(0x000000f3b4400000,0x000000f3b4500000) (1024K)]
  0x000002a9f483bfd0 JavaThread "Start Level: Equinox Container: 9ab6fc85-a3dd-45c6-809d-34bb61d47ee3" daemon [_thread_blocked, id=20052, stack(0x000000f3b3e00000,0x000000f3b3f00000) (1024K)]
  0x000002a9f4f931c0 JavaThread "Bundle File Closer"         daemon [_thread_blocked, id=22472, stack(0x000000f3b4600000,0x000000f3b4700000) (1024K)]
  0x000002a9f48a4b00 JavaThread "SCR Component Actor"        daemon [_thread_blocked, id=2752, stack(0x000000f3b4500000,0x000000f3b4600000) (1024K)]
  0x000002a9f4d61670 JavaThread "Worker-JM"                         [_thread_blocked, id=23892, stack(0x000000f3b4700000,0x000000f3b4800000) (1024K)]
  0x000002a9f45b4840 JavaThread "JNA Cleaner"                daemon [_thread_blocked, id=20640, stack(0x000000f3b4800000,0x000000f3b4900000) (1024K)]
  0x000002a9f45b41b0 JavaThread "Worker-1"                          [_thread_blocked, id=1772, stack(0x000000f3b4a00000,0x000000f3b4b00000) (1024K)]
  0x000002a9f45b4ed0 JavaThread "Java indexing"              daemon [_thread_blocked, id=21772, stack(0x000000f3b4c00000,0x000000f3b4d00000) (1024K)]
  0x000002a9f45b6fa0 JavaThread "Thread-1"                   daemon [_thread_in_native, id=23708, stack(0x000000f3b5200000,0x000000f3b5300000) (1024K)]
  0x000002a9f500fb90 JavaThread "Thread-2"                   daemon [_thread_in_native, id=14688, stack(0x000000f3b5300000,0x000000f3b5400000) (1024K)]
  0x000002a9f5014a50 JavaThread "Thread-3"                   daemon [_thread_in_native, id=1868, stack(0x000000f3b5400000,0x000000f3b5500000) (1024K)]
  0x000002a9f5012980 JavaThread "Thread-4"                   daemon [_thread_in_native, id=21540, stack(0x000000f3b5500000,0x000000f3b5600000) (1024K)]
  0x000002a9f5013d30 JavaThread "Thread-5"                   daemon [_thread_in_native, id=23148, stack(0x000000f3b5600000,0x000000f3b5700000) (1024K)]
  0x000002a9f500ee70 JavaThread "pool-2-thread-1"                   [_thread_blocked, id=15304, stack(0x000000f3b5700000,0x000000f3b5800000) (1024K)]
  0x000002a9f5010f40 JavaThread "WorkspaceEventsHandler"            [_thread_blocked, id=11852, stack(0x000000f3b5900000,0x000000f3b5a00000) (1024K)]
  0x000002a9f50115d0 JavaThread "pool-1-thread-1"                   [_thread_blocked, id=23112, stack(0x000000f3b5a00000,0x000000f3b5b00000) (1024K)]
  0x000002a9f50136a0 JavaThread "Worker-6"                          [_thread_blocked, id=19604, stack(0x000000f3b2f00000,0x000000f3b3000000) (1024K)]
  0x000002a9f45b5bf0 JavaThread "Worker-9"                          [_thread_blocked, id=11048, stack(0x000000f3b2e00000,0x000000f3b2f00000) (1024K)]
  0x000002a9f45b3b20 JavaThread "Worker-10"                         [_thread_blocked, id=16032, stack(0x000000f3b4900000,0x000000f3b4a00000) (1024K)]
Total: 32

Other Threads:
  0x000002a9eefbe920 VMThread "VM Thread"                           [id=22840, stack(0x000000f3b3300000,0x000000f3b3400000) (1024K)]
  0x000002a9eef5bc60 WatcherThread "VM Periodic Task Thread"        [id=11024, stack(0x000000f3b3200000,0x000000f3b3300000) (1024K)]
  0x000002a9d88b26f0 WorkerThread "GC Thread#0"                     [id=12232, stack(0x000000f3b3100000,0x000000f3b3200000) (1024K)]
  0x000002a9f44a6900 WorkerThread "GC Thread#1"                     [id=21516, stack(0x000000f3b3f00000,0x000000f3b4000000) (1024K)]
  0x000002a9f44a6cb0 WorkerThread "GC Thread#2"                     [id=3560, stack(0x000000f3b4000000,0x000000f3b4100000) (1024K)]
  0x000002a9f45c41f0 WorkerThread "GC Thread#3"                     [id=20260, stack(0x000000f3b4100000,0x000000f3b4200000) (1024K)]
Total: 6

Threads with active compile tasks:
C2 CompilerThread0  1173891 13499   !   4       org.eclipse.jdt.internal.core.JavaProject::getOption (43 bytes)
Total: 1

VM state: not at safepoint (normal execution)

VM Mutex/Monitor currently owned by a thread: None

Heap address: 0x0000000080000000, size: 2048 MB, Compressed Oops mode: 32-bit

CDS archive(s) mapped at: [0x000002a980000000-0x000002a980ba0000-0x000002a980ba0000), size 12189696, SharedBaseAddress: 0x000002a980000000, ArchiveRelocationMode: 1.
Compressed class space mapped at: 0x000002a981000000-0x000002a9c1000000, reserved size: 1073741824
Narrow klass base: 0x000002a980000000, Narrow klass shift: 0, Narrow klass range: 0x100000000

GC Precious Log:
 CardTable entry size: 512
 CPUs: 4 total, 4 available
 Memory: 8089M
 Large Page Support: Disabled
 NUMA Support: Disabled
 Compressed Oops: Enabled (32-bit)
 Alignments: Space 512K, Generation 512K, Heap 2M
 Heap Min Capacity: 100M
 Heap Initial Capacity: 100M
 Heap Max Capacity: 2G
 Pre-touch: Disabled
 Parallel Workers: 4

Heap:
 PSYoungGen      total 13824K, used 11475K [0x00000000d5580000, 0x00000000d6480000, 0x0000000100000000)
  eden space 13312K, 84% used [0x00000000d5580000,0x00000000d607cf40,0x00000000d6280000)
  from space 512K, 43% used [0x00000000d6380000,0x00000000d63b8000,0x00000000d6400000)
  to   space 512K, 0% used [0x00000000d6400000,0x00000000d6400000,0x00000000d6480000)
 ParOldGen       total 710144K, used 708813K [0x0000000080000000, 0x00000000ab580000, 0x00000000d5580000)
  object space 710144K, 99% used [0x0000000080000000,0x00000000ab433790,0x00000000ab580000)
 Metaspace       used 71073K, committed 72704K, reserved 1114112K
  class space    used 7590K, committed 8256K, reserved 1048576K

Card table byte_map: [0x000002a9d8130000,0x000002a9d8540000] _byte_map_base: 0x000002a9d7d30000

Marking Bits: (ParMarkBitMap*) 0x00007ff9e1c53450
 Begin Bits: [0x000002a9eaa80000, 0x000002a9eca80000)
 End Bits:   [0x000002a9eca80000, 0x000002a9eea80000)

Polling page: 0x000002a9d6130000

Metaspace:

Usage:
  Non-class:     61.99 MB used.
      Class:      7.41 MB used.
       Both:     69.41 MB used.

Virtual space:
  Non-class space:       64.00 MB reserved,      62.94 MB ( 98%) committed,  1 nodes.
      Class space:        1.00 GB reserved,       8.06 MB ( <1%) committed,  1 nodes.
             Both:        1.06 GB reserved,      71.00 MB (  7%) committed. 

Chunk freelists:
   Non-Class:  480.00 KB
       Class:  7.77 MB
        Both:  8.24 MB

MaxMetaspaceSize: unlimited
CompressedClassSpaceSize: 1.00 GB
Initial GC threshold: 21.00 MB
Current GC threshold: 97.31 MB
CDS: on
 - commit_granule_bytes: 65536.
 - commit_granule_words: 8192.
 - virtual_space_node_default_size: 8388608.
 - enlarge_chunks_in_place: 1.
 - use_allocation_guard: 0.


Internal statistics:

num_allocs_failed_limit: 9.
num_arena_births: 1410.
num_arena_deaths: 14.
num_vsnodes_births: 2.
num_vsnodes_deaths: 0.
num_space_committed: 1136.
num_space_uncommitted: 0.
num_chunks_returned_to_freelist: 23.
num_chunks_taken_from_freelist: 4601.
num_chunk_merges: 15.
num_chunk_splits: 2839.
num_chunks_enlarged: 1585.
num_inconsistent_stats: 0.

CodeHeap 'non-profiled nmethods': size=120000Kb used=9892Kb max_used=9892Kb free=110107Kb
 bounds [0x000002a9e3550000, 0x000002a9e3f00000, 0x000002a9eaa80000]
CodeHeap 'profiled nmethods': size=120000Kb used=28807Kb max_used=28807Kb free=91193Kb
 bounds [0x000002a9dba80000, 0x000002a9dd6b0000, 0x000002a9e2fb0000]
CodeHeap 'non-nmethods': size=5760Kb used=1466Kb max_used=1616Kb free=4293Kb
 bounds [0x000002a9e2fb0000, 0x000002a9e3220000, 0x000002a9e3550000]
CodeCache: size=245760Kb, used=40165Kb, max_used=40315Kb, free=205593Kb
 total_blobs=13535, nmethods=12751, adapters=689, full_count=0
Compilation: enabled, stopped_count=0, restarted_count=0

Compilation events (20 events):
Event: 1172.708 Thread 0x000002a9eefd8000 nmethod 13494 0x000002a9e3ef5390 code [0x000002a9e3ef5580, 0x000002a9e3ef5cf8]
Event: 1172.807 Thread 0x000002a9eefd8000 13495       4       java.io.File::<init> (47 bytes)
Event: 1172.815 Thread 0x000002a9eefd8000 nmethod 13495 0x000002a9e3ef6190 code [0x000002a9e3ef6380, 0x000002a9e3ef6808]
Event: 1172.817 Thread 0x000002a9eefd8000 13496       4       java.util.LinkedList$ListItr::<init> (47 bytes)
Event: 1172.819 Thread 0x000002a9eefd8000 nmethod 13496 0x000002a9e3ef6c10 code [0x000002a9e3ef6da0, 0x000002a9e3ef6f18]
Event: 1173.720 Thread 0x000002a9eefd8000 13497       4       com.google.gson.stream.JsonWriter::beforeValue (140 bytes)
Event: 1173.731 Thread 0x000002a9ef047030 13498       3       org.eclipse.core.internal.jobs.DeadlockDetector::lockReleased (264 bytes)
Event: 1173.734 Thread 0x000002a9ef047030 nmethod 13498 0x000002a9dd69ec10 code [0x000002a9dd69efe0, 0x000002a9dd6a0a38]
Event: 1173.734 Thread 0x000002a9eefd8000 nmethod 13497 0x000002a9e3ef7090 code [0x000002a9e3ef72c0, 0x000002a9e3ef7c68]
Event: 1173.734 Thread 0x000002a9eefd8000 13499   !   4       org.eclipse.jdt.internal.core.JavaProject::getOption (43 bytes)
Event: 1173.766 Thread 0x000002a9ef047030 13502       1       com.sun.org.apache.xerces.internal.impl.XMLEntityManager::setEntityHandler (6 bytes)
Event: 1173.766 Thread 0x000002a9ef047030 nmethod 13502 0x000002a9e3ef8310 code [0x000002a9e3ef84a0, 0x000002a9e3ef8580]
Event: 1173.766 Thread 0x000002a9ef047030 13503       1       com.sun.org.apache.xerces.internal.impl.XMLDocumentFragmentScannerImpl::setDocumentHandler (6 bytes)
Event: 1173.766 Thread 0x000002a9ef047030 nmethod 13503 0x000002a9e3ef8610 code [0x000002a9e3ef87a0, 0x000002a9e3ef8888]
Event: 1173.766 Thread 0x000002a9ef047030 13505       1       com.sun.org.apache.xerces.internal.dom.CoreDocumentImpl::changes (5 bytes)
Event: 1173.767 Thread 0x000002a9ef047030 nmethod 13505 0x000002a9e3ef8910 code [0x000002a9e3ef8aa0, 0x000002a9e3ef8b68]
Event: 1173.767 Thread 0x000002a9ef047030 13504       1       com.sun.org.apache.xerces.internal.parsers.AbstractXMLDocumentParser::setDocumentSource (6 bytes)
Event: 1173.767 Thread 0x000002a9ef047030 nmethod 13504 0x000002a9e3ef8c10 code [0x000002a9e3ef8da0, 0x000002a9e3ef8e80]
Event: 1173.771 Thread 0x000002a9ef047030 13507  s    3       org.eclipse.core.internal.watson.ElementTree::immutable (36 bytes)
Event: 1173.772 Thread 0x000002a9ef047030 nmethod 13507 0x000002a9dd6a1310 code [0x000002a9dd6a1500, 0x000002a9dd6a1a30]

GC Heap History (20 events):
Event: 33.761 GC heap before
{Heap before GC invocations=107 (full 3):
 PSYoungGen      total 14848K, used 14016K [0x00000000d5580000, 0x00000000d6580000, 0x0000000100000000)
  eden space 13312K, 100% used [0x00000000d5580000,0x00000000d6280000,0x00000000d6280000)
  from space 1536K, 45% used [0x00000000d6300000,0x00000000d63b0020,0x00000000d6480000)
  to   space 1024K, 0% used [0x00000000d6480000,0x00000000d6480000,0x00000000d6580000)
 ParOldGen       total 90112K, used 89712K [0x0000000080000000, 0x0000000085800000, 0x00000000d5580000)
  object space 90112K, 99% used [0x0000000080000000,0x000000008579c3e0,0x0000000085800000)
 Metaspace       used 67680K, committed 69184K, reserved 1114112K
  class space    used 7242K, committed 7936K, reserved 1048576K
}
Event: 33.763 GC heap after
{Heap after GC invocations=107 (full 3):
 PSYoungGen      total 14336K, used 658K [0x00000000d5580000, 0x00000000d6580000, 0x0000000100000000)
  eden space 13312K, 0% used [0x00000000d5580000,0x00000000d5580000,0x00000000d6280000)
  from space 1024K, 64% used [0x00000000d6480000,0x00000000d6524898,0x00000000d6580000)
  to   space 1024K, 0% used [0x00000000d6380000,0x00000000d6380000,0x00000000d6480000)
 ParOldGen       total 90624K, used 90369K [0x0000000080000000, 0x0000000085880000, 0x00000000d5580000)
  object space 90624K, 99% used [0x0000000080000000,0x0000000085840540,0x0000000085880000)
 Metaspace       used 67680K, committed 69184K, reserved 1114112K
  class space    used 7242K, committed 7936K, reserved 1048576K
}
Event: 678.681 GC heap before
{Heap before GC invocations=108 (full 3):
 PSYoungGen      total 14336K, used 13970K [0x00000000d5580000, 0x00000000d6580000, 0x0000000100000000)
  eden space 13312K, 100% used [0x00000000d5580000,0x00000000d6280000,0x00000000d6280000)
  from space 1024K, 64% used [0x00000000d6480000,0x00000000d6524898,0x00000000d6580000)
  to   space 1024K, 0% used [0x00000000d6380000,0x00000000d6380000,0x00000000d6480000)
 ParOldGen       total 90624K, used 90369K [0x0000000080000000, 0x0000000085880000, 0x00000000d5580000)
  object space 90624K, 99% used [0x0000000080000000,0x0000000085840540,0x0000000085880000)
 Metaspace       used 68345K, committed 69888K, reserved 1114112K
  class space    used 7312K, committed 8000K, reserved 1048576K
}
Event: 678.685 GC heap after
{Heap after GC invocations=108 (full 3):
 PSYoungGen      total 14336K, used 640K [0x00000000d5580000, 0x00000000d6500000, 0x0000000100000000)
  eden space 13312K, 0% used [0x00000000d5580000,0x00000000d5580000,0x00000000d6280000)
  from space 1024K, 62% used [0x00000000d6380000,0x00000000d6420000,0x00000000d6480000)
  to   space 512K, 0% used [0x00000000d6480000,0x00000000d6480000,0x00000000d6500000)
 ParOldGen       total 91136K, used 90942K [0x0000000080000000, 0x0000000085900000, 0x00000000d5580000)
  object space 91136K, 99% used [0x0000000080000000,0x00000000858cfb50,0x0000000085900000)
 Metaspace       used 68345K, committed 69888K, reserved 1114112K
  class space    used 7312K, committed 8000K, reserved 1048576K
}
Event: 680.523 GC heap before
{Heap before GC invocations=109 (full 3):
 PSYoungGen      total 14336K, used 13952K [0x00000000d5580000, 0x00000000d6500000, 0x0000000100000000)
  eden space 13312K, 100% used [0x00000000d5580000,0x00000000d6280000,0x00000000d6280000)
  from space 1024K, 62% used [0x00000000d6380000,0x00000000d6420000,0x00000000d6480000)
  to   space 512K, 0% used [0x00000000d6480000,0x00000000d6480000,0x00000000d6500000)
 ParOldGen       total 91136K, used 90942K [0x0000000080000000, 0x0000000085900000, 0x00000000d5580000)
  object space 91136K, 99% used [0x0000000080000000,0x00000000858cfb50,0x0000000085900000)
 Metaspace       used 69502K, committed 71040K, reserved 1114112K
  class space    used 7439K, committed 8064K, reserved 1048576K
}
Event: 680.528 GC heap after
{Heap after GC invocations=109 (full 3):
 PSYoungGen      total 13824K, used 505K [0x00000000d5580000, 0x00000000d6680000, 0x0000000100000000)
  eden space 13312K, 0% used [0x00000000d5580000,0x00000000d5580000,0x00000000d6280000)
  from space 512K, 98% used [0x00000000d6480000,0x00000000d64fe490,0x00000000d6500000)
  to   space 2048K, 0% used [0x00000000d6280000,0x00000000d6280000,0x00000000d6480000)
 ParOldGen       total 92160K, used 92122K [0x0000000080000000, 0x0000000085a00000, 0x00000000d5580000)
  object space 92160K, 99% used [0x0000000080000000,0x00000000859f6a00,0x0000000085a00000)
 Metaspace       used 69502K, committed 71040K, reserved 1114112K
  class space    used 7439K, committed 8064K, reserved 1048576K
}
Event: 681.101 GC heap before
{Heap before GC invocations=110 (full 3):
 PSYoungGen      total 13824K, used 13817K [0x00000000d5580000, 0x00000000d6680000, 0x0000000100000000)
  eden space 13312K, 100% used [0x00000000d5580000,0x00000000d6280000,0x00000000d6280000)
  from space 512K, 98% used [0x00000000d6480000,0x00000000d64fe490,0x00000000d6500000)
  to   space 2048K, 0% used [0x00000000d6280000,0x00000000d6280000,0x00000000d6480000)
 ParOldGen       total 92160K, used 92122K [0x0000000080000000, 0x0000000085a00000, 0x00000000d5580000)
  object space 92160K, 99% used [0x0000000080000000,0x00000000859f6a00,0x0000000085a00000)
 Metaspace       used 69792K, committed 71360K, reserved 1114112K
  class space    used 7483K, committed 8128K, reserved 1048576K
}
Event: 681.105 GC heap after
{Heap after GC invocations=110 (full 3):
 PSYoungGen      total 14336K, used 992K [0x00000000d5580000, 0x00000000d6580000, 0x0000000100000000)
  eden space 13312K, 0% used [0x00000000d5580000,0x00000000d5580000,0x00000000d6280000)
  from space 1024K, 96% used [0x00000000d6280000,0x00000000d6378000,0x00000000d6380000)
  to   space 1536K, 0% used [0x00000000d6400000,0x00000000d6400000,0x00000000d6580000)
 ParOldGen       total 92672K, used 92632K [0x0000000080000000, 0x0000000085a80000, 0x00000000d5580000)
  object space 92672K, 99% used [0x0000000080000000,0x0000000085a761c8,0x0000000085a80000)
 Metaspace       used 69792K, committed 71360K, reserved 1114112K
  class space    used 7483K, committed 8128K, reserved 1048576K
}
Event: 721.283 GC heap before
{Heap before GC invocations=111 (full 3):
 PSYoungGen      total 14336K, used 14304K [0x00000000d5580000, 0x00000000d6580000, 0x0000000100000000)
  eden space 13312K, 100% used [0x00000000d5580000,0x00000000d6280000,0x00000000d6280000)
  from space 1024K, 96% used [0x00000000d6280000,0x00000000d6378000,0x00000000d6380000)
  to   space 1536K, 0% used [0x00000000d6400000,0x00000000d6400000,0x00000000d6580000)
 ParOldGen       total 187904K, used 184792K [0x0000000080000000, 0x000000008b780000, 0x00000000d5580000)
  object space 187904K, 98% used [0x0000000080000000,0x000000008b476258,0x000000008b780000)
 Metaspace       used 70558K, committed 72128K, reserved 1114112K
  class space    used 7559K, committed 8256K, reserved 1048576K
}
Event: 721.286 GC heap after
{Heap after GC invocations=111 (full 3):
 PSYoungGen      total 14336K, used 698K [0x00000000d5580000, 0x00000000d6500000, 0x0000000100000000)
  eden space 13312K, 0% used [0x00000000d5580000,0x00000000d5580000,0x00000000d6280000)
  from space 1024K, 68% used [0x00000000d6400000,0x00000000d64ae8e8,0x00000000d6500000)
  to   space 1024K, 0% used [0x00000000d6280000,0x00000000d6280000,0x00000000d6380000)
 ParOldGen       total 187904K, used 185664K [0x0000000080000000, 0x000000008b780000, 0x00000000d5580000)
  object space 187904K, 98% used [0x0000000080000000,0x000000008b550258,0x000000008b780000)
 Metaspace       used 70558K, committed 72128K, reserved 1114112K
  class space    used 7559K, committed 8256K, reserved 1048576K
}
Event: 722.474 GC heap before
{Heap before GC invocations=112 (full 3):
 PSYoungGen      total 14336K, used 14010K [0x00000000d5580000, 0x00000000d6500000, 0x0000000100000000)
  eden space 13312K, 100% used [0x00000000d5580000,0x00000000d6280000,0x00000000d6280000)
  from space 1024K, 68% used [0x00000000d6400000,0x00000000d64ae8e8,0x00000000d6500000)
  to   space 1024K, 0% used [0x00000000d6280000,0x00000000d6280000,0x00000000d6380000)
 ParOldGen       total 274944K, used 270144K [0x0000000080000000, 0x0000000090c80000, 0x00000000d5580000)
  object space 274944K, 98% used [0x0000000080000000,0x00000000907d02d8,0x0000000090c80000)
 Metaspace       used 70611K, committed 72192K, reserved 1114112K
  class space    used 7562K, committed 8256K, reserved 1048576K
}
Event: 722.477 GC heap after
{Heap after GC invocations=112 (full 3):
 PSYoungGen      total 14336K, used 224K [0x00000000d5580000, 0x00000000d6480000, 0x0000000100000000)
  eden space 13312K, 0% used [0x00000000d5580000,0x00000000d5580000,0x00000000d6280000)
  from space 1024K, 21% used [0x00000000d6280000,0x00000000d62b8020,0x00000000d6380000)
  to   space 512K, 0% used [0x00000000d6400000,0x00000000d6400000,0x00000000d6480000)
 ParOldGen       total 274944K, used 270677K [0x0000000080000000, 0x0000000090c80000, 0x00000000d5580000)
  object space 274944K, 98% used [0x0000000080000000,0x0000000090855490,0x0000000090c80000)
 Metaspace       used 70611K, committed 72192K, reserved 1114112K
  class space    used 7562K, committed 8256K, reserved 1048576K
}
Event: 726.260 GC heap before
{Heap before GC invocations=113 (full 3):
 PSYoungGen      total 14336K, used 13536K [0x00000000d5580000, 0x00000000d6480000, 0x0000000100000000)
  eden space 13312K, 100% used [0x00000000d5580000,0x00000000d6280000,0x00000000d6280000)
  from space 1024K, 21% used [0x00000000d6280000,0x00000000d62b8020,0x00000000d6380000)
  to   space 512K, 0% used [0x00000000d6400000,0x00000000d6400000,0x00000000d6480000)
 ParOldGen       total 361984K, used 355157K [0x0000000080000000, 0x0000000096180000, 0x00000000d5580000)
  object space 361984K, 98% used [0x0000000080000000,0x0000000095ad5510,0x0000000096180000)
 Metaspace       used 70643K, committed 72192K, reserved 1114112K
  class space    used 7562K, committed 8256K, reserved 1048576K
}
Event: 726.261 GC heap after
{Heap after GC invocations=113 (full 3):
 PSYoungGen      total 13824K, used 256K [0x00000000d5580000, 0x00000000d6480000, 0x0000000100000000)
  eden space 13312K, 0% used [0x00000000d5580000,0x00000000d5580000,0x00000000d6280000)
  from space 512K, 50% used [0x00000000d6400000,0x00000000d6440000,0x00000000d6480000)
  to   space 512K, 0% used [0x00000000d6380000,0x00000000d6380000,0x00000000d6400000)
 ParOldGen       total 361984K, used 355269K [0x0000000080000000, 0x0000000096180000, 0x00000000d5580000)
  object space 361984K, 98% used [0x0000000080000000,0x0000000095af1540,0x0000000096180000)
 Metaspace       used 70643K, committed 72192K, reserved 1114112K
  class space    used 7562K, committed 8256K, reserved 1048576K
}
Event: 1083.936 GC heap before
{Heap before GC invocations=114 (full 3):
 PSYoungGen      total 13824K, used 13568K [0x00000000d5580000, 0x00000000d6480000, 0x0000000100000000)
  eden space 13312K, 100% used [0x00000000d5580000,0x00000000d6280000,0x00000000d6280000)
  from space 512K, 50% used [0x00000000d6400000,0x00000000d6440000,0x00000000d6480000)
  to   space 512K, 0% used [0x00000000d6380000,0x00000000d6380000,0x00000000d6400000)
 ParOldGen       total 449024K, used 447429K [0x0000000080000000, 0x000000009b680000, 0x00000000d5580000)
  object space 449024K, 99% used [0x0000000080000000,0x000000009b4f15d0,0x000000009b680000)
 Metaspace       used 70990K, committed 72576K, reserved 1114112K
  class space    used 7590K, committed 8256K, reserved 1048576K
}
Event: 1083.948 GC heap after
{Heap after GC invocations=114 (full 3):
 PSYoungGen      total 13824K, used 336K [0x00000000d5580000, 0x00000000d6480000, 0x0000000100000000)
  eden space 13312K, 0% used [0x00000000d5580000,0x00000000d5580000,0x00000000d6280000)
  from space 512K, 65% used [0x00000000d6380000,0x00000000d63d4030,0x00000000d6400000)
  to   space 512K, 0% used [0x00000000d6400000,0x00000000d6400000,0x00000000d6480000)
 ParOldGen       total 449024K, used 447461K [0x0000000080000000, 0x000000009b680000, 0x00000000d5580000)
  object space 449024K, 99% used [0x0000000080000000,0x000000009b4f95d0,0x000000009b680000)
 Metaspace       used 70990K, committed 72576K, reserved 1114112K
  class space    used 7590K, committed 8256K, reserved 1048576K
}
Event: 1084.670 GC heap before
{Heap before GC invocations=115 (full 3):
 PSYoungGen      total 13824K, used 13648K [0x00000000d5580000, 0x00000000d6480000, 0x0000000100000000)
  eden space 13312K, 100% used [0x00000000d5580000,0x00000000d6280000,0x00000000d6280000)
  from space 512K, 65% used [0x00000000d6380000,0x00000000d63d4030,0x00000000d6400000)
  to   space 512K, 0% used [0x00000000d6400000,0x00000000d6400000,0x00000000d6480000)
 ParOldGen       total 536064K, used 531941K [0x0000000080000000, 0x00000000a0b80000, 0x00000000d5580000)
  object space 536064K, 99% used [0x0000000080000000,0x00000000a0779650,0x00000000a0b80000)
 Metaspace       used 71005K, committed 72576K, reserved 1114112K
  class space    used 7590K, committed 8256K, reserved 1048576K
}
Event: 1084.672 GC heap after
{Heap after GC invocations=115 (full 3):
 PSYoungGen      total 13824K, used 192K [0x00000000d5580000, 0x00000000d6480000, 0x0000000100000000)
  eden space 13312K, 0% used [0x00000000d5580000,0x00000000d5580000,0x00000000d6280000)
  from space 512K, 37% used [0x00000000d6400000,0x00000000d6430000,0x00000000d6480000)
  to   space 512K, 0% used [0x00000000d6380000,0x00000000d6380000,0x00000000d6400000)
 ParOldGen       total 536064K, used 532141K [0x0000000080000000, 0x00000000a0b80000, 0x00000000d5580000)
  object space 536064K, 99% used [0x0000000080000000,0x00000000a07ab680,0x00000000a0b80000)
 Metaspace       used 71005K, committed 72576K, reserved 1114112K
  class space    used 7590K, committed 8256K, reserved 1048576K
}
Event: 1094.168 GC heap before
{Heap before GC invocations=116 (full 3):
 PSYoungGen      total 13824K, used 13504K [0x00000000d5580000, 0x00000000d6480000, 0x0000000100000000)
  eden space 13312K, 100% used [0x00000000d5580000,0x00000000d6280000,0x00000000d6280000)
  from space 512K, 37% used [0x00000000d6400000,0x00000000d6430000,0x00000000d6480000)
  to   space 512K, 0% used [0x00000000d6380000,0x00000000d6380000,0x00000000d6400000)
 ParOldGen       total 623104K, used 616621K [0x0000000080000000, 0x00000000a6080000, 0x00000000d5580000)
  object space 623104K, 98% used [0x0000000080000000,0x00000000a5a2b700,0x00000000a6080000)
 Metaspace       used 71031K, committed 72640K, reserved 1114112K
  class space    used 7590K, committed 8256K, reserved 1048576K
}
Event: 1094.170 GC heap after
{Heap after GC invocations=116 (full 3):
 PSYoungGen      total 13824K, used 224K [0x00000000d5580000, 0x00000000d6480000, 0x0000000100000000)
  eden space 13312K, 0% used [0x00000000d5580000,0x00000000d5580000,0x00000000d6280000)
  from space 512K, 43% used [0x00000000d6380000,0x00000000d63b8000,0x00000000d6400000)
  to   space 512K, 0% used [0x00000000d6400000,0x00000000d6400000,0x00000000d6480000)
 ParOldGen       total 623104K, used 616653K [0x0000000080000000, 0x00000000a6080000, 0x00000000d5580000)
  object space 623104K, 98% used [0x0000000080000000,0x00000000a5a33700,0x00000000a6080000)
 Metaspace       used 71031K, committed 72640K, reserved 1114112K
  class space    used 7590K, committed 8256K, reserved 1048576K
}

Dll operation events (12 events):
Event: 0.015 Loaded shared library c:\Users\Administrator\.vscode\extensions\redhat.java-1.54.0-win32-x64\jre\21.0.10-win32-x86_64\bin\java.dll
Event: 0.199 Loaded shared library c:\Users\Administrator\.vscode\extensions\redhat.java-1.54.0-win32-x64\jre\21.0.10-win32-x86_64\bin\zip.dll
Event: 0.278 Loaded shared library C:\Users\Administrator\.vscode\extensions\redhat.java-1.54.0-win32-x64\jre\21.0.10-win32-x86_64\bin\instrument.dll
Event: 0.303 Loaded shared library C:\Users\Administrator\.vscode\extensions\redhat.java-1.54.0-win32-x64\jre\21.0.10-win32-x86_64\bin\net.dll
Event: 0.343 Loaded shared library C:\Users\Administrator\.vscode\extensions\redhat.java-1.54.0-win32-x64\jre\21.0.10-win32-x86_64\bin\nio.dll
Event: 0.358 Loaded shared library C:\Users\Administrator\.vscode\extensions\redhat.java-1.54.0-win32-x64\jre\21.0.10-win32-x86_64\bin\zip.dll
Event: 0.446 Loaded shared library C:\Users\Administrator\.vscode\extensions\redhat.java-1.54.0-win32-x64\jre\21.0.10-win32-x86_64\bin\jimage.dll
Event: 0.664 Loaded shared library c:\Users\Administrator\.vscode\extensions\redhat.java-1.54.0-win32-x64\jre\21.0.10-win32-x86_64\bin\verify.dll
Event: 4.213 Loaded shared library C:\Users\Administrator\AppData\Roaming\Code\User\globalStorage\redhat.java\1.54.0\config_win\org.eclipse.equinox.launcher\org.eclipse.equinox.launcher.win32.win32.x86_64_1.3.0.v20260203-2149\eclipse_11919.dll
Event: 10.009 Loaded shared library C:\Users\Administrator\AppData\Local\Temp\jna-146731693\jna9013821668143705422.dll
Event: 12.860 Loaded shared library C:\Users\Administrator\.vscode\extensions\redhat.java-1.54.0-win32-x64\jre\21.0.10-win32-x86_64\bin\sunmscapi.dll
Event: 14.238 Loaded shared library C:\Users\Administrator\.vscode\extensions\redhat.java-1.54.0-win32-x64\jre\21.0.10-win32-x86_64\bin\extnet.dll

Deoptimization events (20 events):
Event: 978.018 Thread 0x000002a9f45b41b0 Uncommon trap: trap_request=0xffffffde fr.pc=0x000002a9e3db2b2c relative=0x0000000000000ccc
Event: 978.018 Thread 0x000002a9f45b41b0 Uncommon trap: reason=class_check action=maybe_recompile pc=0x000002a9e3db2b2c method=java.io.DataOutputStream.write([BII)V @ 7 c2
Event: 978.018 Thread 0x000002a9f45b41b0 DEOPT PACKING pc=0x000002a9e3db2b2c sp=0x000000f3b4afeb90
Event: 978.018 Thread 0x000002a9f45b41b0 DEOPT UNPACKING pc=0x000002a9e3003aa2 sp=0x000000f3b4afeab0 mode 2
Event: 978.018 Thread 0x000002a9f45b41b0 Uncommon trap: trap_request=0xffffffc6 fr.pc=0x000002a9e3dbd574 relative=0x00000000000007d4
Event: 978.018 Thread 0x000002a9f45b41b0 Uncommon trap: reason=bimorphic_or_optimized_type_check action=maybe_recompile pc=0x000002a9e3dbd574 method=java.io.DataOutputStream.writeInt(I)V @ 19 c2
Event: 978.018 Thread 0x000002a9f45b41b0 DEOPT PACKING pc=0x000002a9e3dbd574 sp=0x000000f3b4afe510
Event: 978.018 Thread 0x000002a9f45b41b0 DEOPT UNPACKING pc=0x000002a9e3003aa2 sp=0x000000f3b4afe4e8 mode 2
Event: 978.018 Thread 0x000002a9f45b41b0 Uncommon trap: trap_request=0xffffffc6 fr.pc=0x000002a9e3dbd574 relative=0x00000000000007d4
Event: 978.018 Thread 0x000002a9f45b41b0 Uncommon trap: reason=bimorphic_or_optimized_type_check action=maybe_recompile pc=0x000002a9e3dbd574 method=java.io.DataOutputStream.writeInt(I)V @ 19 c2
Event: 978.018 Thread 0x000002a9f45b41b0 DEOPT PACKING pc=0x000002a9e3dbd574 sp=0x000000f3b4afe4b0
Event: 978.018 Thread 0x000002a9f45b41b0 DEOPT UNPACKING pc=0x000002a9e3003aa2 sp=0x000000f3b4afe488 mode 2
Event: 978.047 Thread 0x000002a9f45b41b0 DEOPT PACKING pc=0x000002a9dbc02948 sp=0x000000f3b4afedd0
Event: 978.047 Thread 0x000002a9f45b41b0 DEOPT UNPACKING pc=0x000002a9e3004242 sp=0x000000f3b4afe278 mode 0
Event: 1057.796 Thread 0x000002a9f45b5bf0 Uncommon trap: trap_request=0xffffffc6 fr.pc=0x000002a9e3db0544 relative=0x00000000000000a4
Event: 1057.796 Thread 0x000002a9f45b5bf0 Uncommon trap: reason=bimorphic_or_optimized_type_check action=maybe_recompile pc=0x000002a9e3db0544 method=java.util.Collections$UnmodifiableMap$UnmodifiableEntrySet$1.hasNext()Z @ 4 c2
Event: 1057.796 Thread 0x000002a9f45b5bf0 DEOPT PACKING pc=0x000002a9e3db0544 sp=0x000000f3b2efeb60
Event: 1057.796 Thread 0x000002a9f45b5bf0 DEOPT UNPACKING pc=0x000002a9e3003aa2 sp=0x000000f3b2efeae8 mode 2
Event: 1094.066 Thread 0x000002a9f45b5bf0 DEOPT PACKING pc=0x000002a9dc364804 sp=0x000000f3b2efe810
Event: 1094.066 Thread 0x000002a9f45b5bf0 DEOPT UNPACKING pc=0x000002a9e3004242 sp=0x000000f3b2efdcc8 mode 0

Classes loaded (20 events):
Event: 679.071 Loading class java/util/zip/CheckedInputStream
Event: 679.072 Loading class java/util/zip/CheckedInputStream done
Event: 681.847 Loading class java/nio/BufferMismatch
Event: 681.848 Loading class java/nio/BufferMismatch done
Event: 977.907 Loading class java/util/stream/Nodes$CollectorTask$OfRef
Event: 977.908 Loading class java/util/stream/Nodes$CollectorTask
Event: 977.913 Loading class java/util/stream/Nodes$CollectorTask done
Event: 977.914 Loading class java/util/stream/Nodes$CollectorTask$OfRef done
Event: 977.914 Loading class java/util/function/LongFunction
Event: 977.915 Loading class java/util/function/LongFunction done
Event: 977.918 Loading class java/util/stream/Nodes$ConcNode
Event: 977.918 Loading class java/util/stream/Nodes$AbstractConcNode
Event: 977.919 Loading class java/util/stream/Nodes$AbstractConcNode done
Event: 977.919 Loading class java/util/stream/Nodes$ConcNode done
Event: 977.963 Loading class java/io/ObjectOutputStream$BlockDataOutputStream
Event: 977.963 Loading class java/io/ObjectOutputStream$BlockDataOutputStream done
Event: 977.964 Loading class java/io/ObjectOutputStream$HandleTable
Event: 977.965 Loading class java/io/ObjectOutputStream$HandleTable done
Event: 977.965 Loading class java/io/ObjectOutputStream$ReplaceTable
Event: 977.966 Loading class java/io/ObjectOutputStream$ReplaceTable done

Classes unloaded (7 events):
Event: 10.943 Thread 0x000002a9eefbe920 Unloading class 0x000002a9811acc00 'java/lang/invoke/LambdaForm$MH+0x000002a9811acc00'
Event: 10.943 Thread 0x000002a9eefbe920 Unloading class 0x000002a9811ac800 'java/lang/invoke/LambdaForm$MH+0x000002a9811ac800'
Event: 10.943 Thread 0x000002a9eefbe920 Unloading class 0x000002a9811ac400 'java/lang/invoke/LambdaForm$MH+0x000002a9811ac400'
Event: 10.943 Thread 0x000002a9eefbe920 Unloading class 0x000002a9811ac000 'java/lang/invoke/LambdaForm$MH+0x000002a9811ac000'
Event: 10.943 Thread 0x000002a9eefbe920 Unloading class 0x000002a9811abc00 'java/lang/invoke/LambdaForm$BMH+0x000002a9811abc00'
Event: 10.943 Thread 0x000002a9eefbe920 Unloading class 0x000002a9811ab800 'java/lang/invoke/LambdaForm$DMH+0x000002a9811ab800'
Event: 10.943 Thread 0x000002a9eefbe920 Unloading class 0x000002a9811aa400 'java/lang/invoke/LambdaForm$DMH+0x000002a9811aa400'

Classes redefined (0 events):
No events

Internal exceptions (20 events):
Event: 680.347 Thread 0x000002a9f45b3b20 Exception <a 'java/lang/NoSuchMethodError'{0x00000000d5e81940}: 'java.lang.Object java.lang.invoke.DirectMethodHandle$Holder.newInvokeSpecial(java.lang.Object, java.lang.Object, int, java.lang.Object, java.lang.Object)'> (0x00000000d5e81940) 
thrown [s\src\hotspot\share\interpreter\linkResolver.cpp, line 773]
Event: 680.351 Thread 0x000002a9f45b3b20 Exception <a 'java/lang/NoSuchMethodError'{0x00000000d5e9b6c8}: 'java.lang.Object java.lang.invoke.DirectMethodHandle$Holder.invokeSpecial(java.lang.Object, java.lang.Object, java.lang.Object, int, java.lang.Object, java.lang.Object, java.lang.Object)'> (0x00000000d5e9b6c8) 
thrown [s\src\hotspot\share\interpreter\linkResolver.cpp, line 773]
Event: 680.407 Thread 0x000002a9f45b3b20 Exception <a 'java/lang/NoSuchMethodError'{0x00000000d5f29ab8}: 'void java.lang.invoke.DirectMethodHandle$Holder.invokeStatic(java.lang.Object, int)'> (0x00000000d5f29ab8) 
thrown [s\src\hotspot\share\interpreter\linkResolver.cpp, line 773]
Event: 680.649 Thread 0x000002a9f45b3b20 Exception <a 'java/io/FileNotFoundException'{0x00000000d5967708}> (0x00000000d5967708) 
thrown [s\src\hotspot\share\prims\jni.cpp, line 520]
Event: 680.649 Thread 0x000002a9f45b3b20 Exception <a 'java/io/FileNotFoundException'{0x00000000d59689e0}> (0x00000000d59689e0) 
thrown [s\src\hotspot\share\prims\jni.cpp, line 520]
Event: 680.650 Thread 0x000002a9f45b3b20 Exception <a 'java/io/FileNotFoundException'{0x00000000d5969a10}> (0x00000000d5969a10) 
thrown [s\src\hotspot\share\prims\jni.cpp, line 520]
Event: 680.853 Thread 0x000002a9f45b3b20 Implicit null exception at 0x000002a9e3ad4c15 to 0x000002a9e3ad5244
Event: 683.004 Thread 0x000002a9f45b3b20 Exception <a 'java/lang/NoSuchMethodError'{0x00000000d5f7fa70}: 'void java.lang.invoke.DirectMethodHandle$Holder.invokeSpecial(java.lang.Object, java.lang.Object, java.lang.Object, java.lang.Object, java.lang.Object, java.lang.Object, java.lang.Object)'> (0x00000000d5f7fa70) 
thrown [s\src\hotspot\share\interpreter\linkResolver.cpp, line 773]
Event: 684.250 Thread 0x000002a9f50136a0 Implicit null exception at 0x000002a9e3c98083 to 0x000002a9e3c9839c
Event: 721.304 Thread 0x000002a9f5013010 Exception <a 'sun/nio/fs/WindowsException'{0x00000000d5665970}> (0x00000000d5665970) 
thrown [s\src\hotspot\share\prims\jni.cpp, line 520]
Event: 726.047 Thread 0x000002a9f5013010 Exception <a 'sun/nio/fs/WindowsException'{0x00000000d58707e8}> (0x00000000d58707e8) 
thrown [s\src\hotspot\share\prims\jni.cpp, line 520]
Event: 977.949 Thread 0x000002a9f45b41b0 Exception <a 'sun/nio/fs/WindowsException'{0x00000000d59e87e8}> (0x00000000d59e87e8) 
thrown [s\src\hotspot\share\prims\jni.cpp, line 520]
Event: 977.949 Thread 0x000002a9f45b41b0 Exception <a 'sun/nio/fs/WindowsException'{0x00000000d59e90c8}> (0x00000000d59e90c8) 
thrown [s\src\hotspot\share\prims\jni.cpp, line 520]
Event: 977.951 Thread 0x000002a9f45b41b0 Implicit null exception at 0x000002a9e3bfe809 to 0x000002a9e3bfebc0
Event: 978.010 Thread 0x000002a9f45b41b0 Exception <a 'java/lang/NoSuchMethodError'{0x00000000d5a87d78}: static [J.<clinit>()V> (0x00000000d5a87d78) 
thrown [s\src\hotspot\share\prims\jni.cpp, line 1111]
Event: 978.027 Thread 0x000002a9f45b41b0 Exception <a 'java/lang/NoSuchMethodError'{0x00000000d5ab5a50}: 'java.lang.Object java.lang.invoke.DirectMethodHandle$Holder.newInvokeSpecial(java.lang.Object, java.lang.Object, java.lang.Object, java.lang.Object, java.lang.Object, java.lang.Object, java.lang.Object, java.lang.Object)'> (0x00000000d5ab5a50) 
thrown [s\src\hotspot\share\interpreter\linkResolver.cpp, line 773]
Event: 1057.790 Thread 0x000002a9f45b5bf0 Exception <a 'sun/nio/fs/WindowsException'{0x00000000d5ca6df8}> (0x00000000d5ca6df8) 
thrown [s\src\hotspot\share\prims\jni.cpp, line 520]
Event: 1084.137 Thread 0x000002a9f45b41b0 Exception <a 'sun/nio/fs/WindowsException'{0x00000000d56dcf10}> (0x00000000d56dcf10) 
thrown [s\src\hotspot\share\prims\jni.cpp, line 520]
Event: 1094.072 Thread 0x000002a9f45b5bf0 Exception <a 'sun/nio/fs/WindowsException'{0x00000000d59100f8}> (0x00000000d59100f8) 
thrown [s\src\hotspot\share\prims\jni.cpp, line 520]
Event: 1172.347 Thread 0x000002a9f45b5bf0 Exception <a 'sun/nio/fs/WindowsException'{0x00000000d5ab4db0}> (0x00000000d5ab4db0) 
thrown [s\src\hotspot\share\prims\jni.cpp, line 520]

ZGC Phase Switch (0 events):
No events

VM Operations (20 events):
Event: 1082.421 Executing non-safepoint VM operation: RendezvousGCThreads
Event: 1082.421 Executing non-safepoint VM operation: RendezvousGCThreads done
Event: 1083.936 Executing safepoint VM operation: ParallelGCFailedAllocation (Allocation Failure)
Event: 1083.948 Executing safepoint VM operation: ParallelGCFailedAllocation (Allocation Failure) done
Event: 1084.637 Executing safepoint VM operation: ParallelGCFailedAllocation (Allocation Failure)
Event: 1084.672 Executing safepoint VM operation: ParallelGCFailedAllocation (Allocation Failure) done
Event: 1094.168 Executing safepoint VM operation: ParallelGCFailedAllocation (Allocation Failure)
Event: 1094.170 Executing safepoint VM operation: ParallelGCFailedAllocation (Allocation Failure) done
Event: 1095.171 Executing safepoint VM operation: Cleanup
Event: 1095.171 Executing safepoint VM operation: Cleanup done
Event: 1096.171 Executing safepoint VM operation: Cleanup
Event: 1096.171 Executing safepoint VM operation: Cleanup done
Event: 1142.665 Executing non-safepoint VM operation: HandshakeAllThreads (HandshakeForDeflation)
Event: 1142.665 Executing non-safepoint VM operation: HandshakeAllThreads (HandshakeForDeflation) done
Event: 1142.665 Executing non-safepoint VM operation: RendezvousGCThreads
Event: 1142.665 Executing non-safepoint VM operation: RendezvousGCThreads done
Event: 1172.752 Executing safepoint VM operation: Cleanup
Event: 1172.752 Executing safepoint VM operation: Cleanup done
Event: 1173.753 Executing safepoint VM operation: Cleanup
Event: 1173.753 Executing safepoint VM operation: Cleanup done

Memory protections (0 events):
No events

Nmethod flushes (20 events):
Event: 26.742 Thread 0x000002a9eefbe920 flushing  nmethod 0x000002a9dc28e290
Event: 26.742 Thread 0x000002a9eefbe920 flushing  nmethod 0x000002a9dc28ed90
Event: 26.742 Thread 0x000002a9eefbe920 flushing  nmethod 0x000002a9dc2b8210
Event: 26.742 Thread 0x000002a9eefbe920 flushing  nmethod 0x000002a9dc322f90
Event: 26.742 Thread 0x000002a9eefbe920 flushing  nmethod 0x000002a9dc33cc10
Event: 26.742 Thread 0x000002a9eefbe920 flushing  nmethod 0x000002a9dc35e990
Event: 26.742 Thread 0x000002a9eefbe920 flushing  nmethod 0x000002a9dc35ff10
Event: 26.742 Thread 0x000002a9eefbe920 flushing  nmethod 0x000002a9dc360d90
Event: 26.742 Thread 0x000002a9eefbe920 flushing  nmethod 0x000002a9dc378b90
Event: 26.742 Thread 0x000002a9eefbe920 flushing  nmethod 0x000002a9dc379190
Event: 26.742 Thread 0x000002a9eefbe920 flushing  nmethod 0x000002a9dc37a010
Event: 26.742 Thread 0x000002a9eefbe920 flushing  nmethod 0x000002a9dc37bf10
Event: 26.742 Thread 0x000002a9eefbe920 flushing  nmethod 0x000002a9dc38e590
Event: 26.742 Thread 0x000002a9eefbe920 flushing  nmethod 0x000002a9dc394490
Event: 26.742 Thread 0x000002a9eefbe920 flushing  nmethod 0x000002a9dc394c10
Event: 26.742 Thread 0x000002a9eefbe920 flushing  nmethod 0x000002a9dc396910
Event: 26.742 Thread 0x000002a9eefbe920 flushing  nmethod 0x000002a9dc3ea810
Event: 26.742 Thread 0x000002a9eefbe920 flushing  nmethod 0x000002a9dc3f4890
Event: 26.742 Thread 0x000002a9eefbe920 flushing  nmethod 0x000002a9dc3f8290
Event: 26.742 Thread 0x000002a9eefbe920 flushing  nmethod 0x000002a9dc433590

Events (20 events):
Event: 681.074 Thread 0x000002a9f5015e00 Thread exited: 0x000002a9f5015e00
Event: 681.074 Thread 0x000002a9f45b6280 Thread exited: 0x000002a9f45b6280
Event: 681.074 Thread 0x000002a9f500f500 Thread exited: 0x000002a9f500f500
Event: 681.074 Thread 0x000002a9f45b5560 Thread exited: 0x000002a9f45b5560
Event: 681.075 Thread 0x000002a9f50143c0 Thread exited: 0x000002a9f50143c0
Event: 681.369 Thread 0x000002a9f96498f0 Thread exited: 0x000002a9f96498f0
Event: 721.393 Thread 0x000002a9ef047030 Thread added: 0x000002a9f96498f0
Event: 721.710 Thread 0x000002a9f96498f0 Thread exited: 0x000002a9f96498f0
Event: 787.377 Thread 0x000002a9f45b3b20 Thread exited: 0x000002a9f45b3b20
Event: 787.377 Thread 0x000002a9f5013010 Thread exited: 0x000002a9f5013010
Event: 977.892 Thread 0x000002a9f45b41b0 Thread added: 0x000002a9f45b3b20
Event: 977.923 Thread 0x000002a9f45b3b20 Thread exited: 0x000002a9f45b3b20
Event: 977.954 Thread 0x000002a9f45b41b0 Thread added: 0x000002a9f45b5bf0
Event: 977.959 Thread 0x000002a9f45b5bf0 Thread exited: 0x000002a9f45b5bf0
Event: 1057.559 Thread 0x000002a9f5010f40 Thread added: 0x000002a9f45b5bf0
Event: 1084.635 Thread 0x000002a9f50136a0 Thread added: 0x000002a9f45b3b20
Event: 1154.219 Thread 0x000002a9f45b5bf0 Thread exited: 0x000002a9f45b5bf0
Event: 1155.224 Thread 0x000002a9f45b3b20 Thread exited: 0x000002a9f45b3b20
Event: 1172.008 Thread 0x000002a9f5010f40 Thread added: 0x000002a9f45b5bf0
Event: 1172.698 Thread 0x000002a9f45b5bf0 Thread added: 0x000002a9f45b3b20


Dynamic libraries:
0x00007ff7ff810000 - 0x00007ff7ff81e000 	c:\Users\Administrator\.vscode\extensions\redhat.java-1.54.0-win32-x64\jre\21.0.10-win32-x86_64\bin\java.exe
0x00007ffa65310000 - 0x00007ffa65508000 	C:\WINDOWS\SYSTEM32\ntdll.dll
0x00007ffa64e50000 - 0x00007ffa64f0d000 	C:\WINDOWS\System32\KERNEL32.DLL
0x00007ffa62f30000 - 0x00007ffa63226000 	C:\WINDOWS\System32\KERNELBASE.dll
0x00007ffa62e30000 - 0x00007ffa62f30000 	C:\WINDOWS\System32\ucrtbase.dll
0x00007ffa58b50000 - 0x00007ffa58b68000 	c:\Users\Administrator\.vscode\extensions\redhat.java-1.54.0-win32-x64\jre\21.0.10-win32-x86_64\bin\jli.dll
0x00007ffa644e0000 - 0x00007ffa6467f000 	C:\WINDOWS\System32\USER32.dll
0x00007ffa62ab0000 - 0x00007ffa62ad2000 	C:\WINDOWS\System32\win32u.dll
0x00007ffa65290000 - 0x00007ffa652bb000 	C:\WINDOWS\System32\GDI32.dll
0x00007ffa63230000 - 0x00007ffa63347000 	C:\WINDOWS\System32\gdi32full.dll
0x00007ffa62c30000 - 0x00007ffa62ccd000 	C:\WINDOWS\System32\msvcp_win.dll
0x00007ffa4c7b0000 - 0x00007ffa4c7ce000 	c:\Users\Administrator\.vscode\extensions\redhat.java-1.54.0-win32-x64\jre\21.0.10-win32-x86_64\bin\VCRUNTIME140.dll
0x00007ffa4db50000 - 0x00007ffa4ddea000 	C:\WINDOWS\WinSxS\amd64_microsoft.windows.common-controls_6595b64144ccf1df_6.0.19041.4355_none_60b8b9eb71f62e16\COMCTL32.dll
0x00007ffa64db0000 - 0x00007ffa64e4e000 	C:\WINDOWS\System32\msvcrt.dll
0x00007ffa64f20000 - 0x00007ffa64f4f000 	C:\WINDOWS\System32\IMM32.DLL
0x000000006ad70000 - 0x000000006ad7d000 	C:\Program Files (x86)\360\Total Security\safemon\SafeWrapper.dll
0x00007ffa64210000 - 0x00007ffa642c0000 	C:\WINDOWS\System32\ADVAPI32.dll
0x00007ffa63ff0000 - 0x00007ffa64090000 	C:\WINDOWS\System32\sechost.dll
0x00007ffa65160000 - 0x00007ffa65283000 	C:\WINDOWS\System32\RPCRT4.dll
0x00007ffa62c00000 - 0x00007ffa62c27000 	C:\WINDOWS\System32\bcrypt.dll
0x00007ffa5ca20000 - 0x00007ffa5cb25000 	C:\Program Files (x86)\360\Total Security\safemon\libzdtp64.dll
0x00007ffa63880000 - 0x00007ffa63fec000 	C:\WINDOWS\System32\SHELL32.dll
0x00007ffa65100000 - 0x00007ffa65155000 	C:\WINDOWS\System32\SHLWAPI.dll
0x00007ffa62520000 - 0x00007ffa6252a000 	C:\WINDOWS\SYSTEM32\VERSION.dll
0x00007ffa5bb90000 - 0x00007ffa5bb9c000 	c:\Users\Administrator\.vscode\extensions\redhat.java-1.54.0-win32-x64\jre\21.0.10-win32-x86_64\bin\vcruntime140_1.dll
0x00007ffa323b0000 - 0x00007ffa3243d000 	c:\Users\Administrator\.vscode\extensions\redhat.java-1.54.0-win32-x64\jre\21.0.10-win32-x86_64\bin\msvcp140.dll
0x00007ff9e0f90000 - 0x00007ff9e1d31000 	c:\Users\Administrator\.vscode\extensions\redhat.java-1.54.0-win32-x64\jre\21.0.10-win32-x86_64\bin\server\jvm.dll
0x00007ffa64c90000 - 0x00007ffa64cfb000 	C:\WINDOWS\System32\WS2_32.dll
0x00007ffa61e50000 - 0x00007ffa61e9b000 	C:\WINDOWS\SYSTEM32\POWRPROF.dll
0x00007ffa4c450000 - 0x00007ffa4c477000 	C:\WINDOWS\SYSTEM32\WINMM.dll
0x00007ffa61d10000 - 0x00007ffa61d22000 	C:\WINDOWS\SYSTEM32\UMPDC.dll
0x00007ffa61130000 - 0x00007ffa61142000 	C:\WINDOWS\SYSTEM32\kernel.appcore.dll
0x00007ffa5bae0000 - 0x00007ffa5baea000 	c:\Users\Administrator\.vscode\extensions\redhat.java-1.54.0-win32-x64\jre\21.0.10-win32-x86_64\bin\jimage.dll
0x00007ffa60e40000 - 0x00007ffa61024000 	C:\WINDOWS\SYSTEM32\DBGHELP.DLL
0x00007ffa48b70000 - 0x00007ffa48ba4000 	C:\WINDOWS\SYSTEM32\dbgcore.DLL
0x00007ffa62a20000 - 0x00007ffa62aa2000 	C:\WINDOWS\System32\bcryptPrimitives.dll
0x00007ffa5bab0000 - 0x00007ffa5babf000 	c:\Users\Administrator\.vscode\extensions\redhat.java-1.54.0-win32-x64\jre\21.0.10-win32-x86_64\bin\instrument.dll
0x00007ffa4c5f0000 - 0x00007ffa4c610000 	c:\Users\Administrator\.vscode\extensions\redhat.java-1.54.0-win32-x64\jre\21.0.10-win32-x86_64\bin\java.dll
0x00007ffa605d0000 - 0x00007ffa60d6d000 	C:\WINDOWS\SYSTEM32\windows.storage.dll
0x00007ffa63370000 - 0x00007ffa636c3000 	C:\WINDOWS\System32\combase.dll
0x00007ffa622a0000 - 0x00007ffa622ce000 	C:\WINDOWS\SYSTEM32\Wldp.dll
0x00007ffa64140000 - 0x00007ffa6420d000 	C:\WINDOWS\System32\OLEAUT32.dll
0x00007ffa64090000 - 0x00007ffa6413d000 	C:\WINDOWS\System32\SHCORE.dll
0x00007ffa62900000 - 0x00007ffa62924000 	C:\WINDOWS\SYSTEM32\profapi.dll
0x00007ffa49ac0000 - 0x00007ffa49ad8000 	c:\Users\Administrator\.vscode\extensions\redhat.java-1.54.0-win32-x64\jre\21.0.10-win32-x86_64\bin\zip.dll
0x00007ffa5b570000 - 0x00007ffa5b580000 	C:\Users\Administrator\.vscode\extensions\redhat.java-1.54.0-win32-x64\jre\21.0.10-win32-x86_64\bin\net.dll
0x00007ffa58c60000 - 0x00007ffa58d6a000 	C:\WINDOWS\SYSTEM32\WINHTTP.dll
0x00007ffa62080000 - 0x00007ffa620ea000 	C:\WINDOWS\system32\mswsock.dll
0x00007ffa44900000 - 0x00007ffa44916000 	C:\Users\Administrator\.vscode\extensions\redhat.java-1.54.0-win32-x64\jre\21.0.10-win32-x86_64\bin\nio.dll
0x00007ffa5a6b0000 - 0x00007ffa5a6c0000 	c:\Users\Administrator\.vscode\extensions\redhat.java-1.54.0-win32-x64\jre\21.0.10-win32-x86_64\bin\verify.dll
0x00007ffa39280000 - 0x00007ffa392c5000 	C:\Users\Administrator\AppData\Roaming\Code\User\globalStorage\redhat.java\1.54.0\config_win\org.eclipse.equinox.launcher\org.eclipse.equinox.launcher.win32.win32.x86_64_1.3.0.v20260203-2149\eclipse_11919.dll
0x00007ffa646f0000 - 0x00007ffa6481b000 	C:\WINDOWS\System32\ole32.dll
0x00007ffa622e0000 - 0x00007ffa622f8000 	C:\WINDOWS\SYSTEM32\CRYPTSP.dll
0x00007ffa61950000 - 0x00007ffa61984000 	C:\WINDOWS\system32\rsaenh.dll
0x00007ffa62870000 - 0x00007ffa6289e000 	C:\WINDOWS\SYSTEM32\USERENV.dll
0x00007ffa62210000 - 0x00007ffa6221c000 	C:\WINDOWS\SYSTEM32\CRYPTBASE.dll
0x00007ffa61d30000 - 0x00007ffa61d6b000 	C:\WINDOWS\SYSTEM32\IPHLPAPI.DLL
0x00007ffa64f10000 - 0x00007ffa64f18000 	C:\WINDOWS\System32\NSI.dll
0x00007ffa314a0000 - 0x00007ffa314e9000 	C:\Users\Administrator\AppData\Local\Temp\jna-146731693\jna9013821668143705422.dll
0x00007ffa646e0000 - 0x00007ffa646e8000 	C:\WINDOWS\System32\PSAPI.DLL
0x00007ffa59040000 - 0x00007ffa59057000 	C:\WINDOWS\SYSTEM32\dhcpcsvc6.DLL
0x00007ffa58fb0000 - 0x00007ffa58fcd000 	C:\WINDOWS\SYSTEM32\dhcpcsvc.DLL
0x00007ffa5c460000 - 0x00007ffa5c46e000 	C:\Users\Administrator\.vscode\extensions\redhat.java-1.54.0-win32-x64\jre\21.0.10-win32-x86_64\bin\sunmscapi.dll
0x00007ffa62cd0000 - 0x00007ffa62e2e000 	C:\WINDOWS\System32\CRYPT32.dll
0x00007ffa623f0000 - 0x00007ffa62419000 	C:\WINDOWS\SYSTEM32\ncrypt.dll
0x00007ffa623b0000 - 0x00007ffa623eb000 	C:\WINDOWS\SYSTEM32\NTASN1.dll
0x00007ffa61d80000 - 0x00007ffa61e4a000 	C:\WINDOWS\SYSTEM32\DNSAPI.dll
0x00007ffa5ab60000 - 0x00007ffa5ab6a000 	C:\Windows\System32\rasadhlp.dll
0x00007ffa4f3e0000 - 0x00007ffa4f460000 	C:\WINDOWS\System32\fwpuclnt.dll
0x00007ffa5a610000 - 0x00007ffa5a619000 	C:\Users\Administrator\.vscode\extensions\redhat.java-1.54.0-win32-x64\jre\21.0.10-win32-x86_64\bin\extnet.dll

JVMTI agents:
c:\Users\Administrator\.vscode\extensions\redhat.java-1.54.0-win32-x64\lombok\lombok-1.18.39-4050.jar path:c:\Users\Administrator\.vscode\extensions\redhat.java-1.54.0-win32-x64\jre\21.0.10-win32-x86_64\bin\instrument.dll, loaded, initialized, instrumentlib options:none

dbghelp: loaded successfully - version: 4.0.5 - missing functions: none
symbol engine: initialized successfully - sym options: 0x614 - pdb path: .;c:\Users\Administrator\.vscode\extensions\redhat.java-1.54.0-win32-x64\jre\21.0.10-win32-x86_64\bin;C:\WINDOWS\SYSTEM32;C:\WINDOWS\WinSxS\amd64_microsoft.windows.common-controls_6595b64144ccf1df_6.0.19041.4355_none_60b8b9eb71f62e16;C:\Program Files (x86)\360\Total Security\safemon;c:\Users\Administrator\.vscode\extensions\redhat.java-1.54.0-win32-x64\jre\21.0.10-win32-x86_64\bin\server;C:\Users\Administrator\AppData\Roaming\Code\User\globalStorage\redhat.java\1.54.0\config_win\org.eclipse.equinox.launcher\org.eclipse.equinox.launcher.win32.win32.x86_64_1.3.0.v20260203-2149;C:\Users\Administrator\AppData\Local\Temp\jna-146731693

VM Arguments:
jvm_args: --add-modules=ALL-SYSTEM --add-opens=java.base/java.util=ALL-UNNAMED --add-opens=java.base/java.lang=ALL-UNNAMED --add-opens=java.base/sun.nio.fs=ALL-UNNAMED -Declipse.application=org.eclipse.jdt.ls.core.id1 -Dosgi.bundles.defaultStartLevel=4 -Declipse.product=org.eclipse.jdt.ls.core.product -Djava.import.generatesMetadataFilesAtProjectRoot=false -DDetectVMInstallationsJob.disabled=true -Dfile.encoding=utf8 -XX:+UseParallelGC -XX:GCTimeRatio=4 -XX:AdaptiveSizePolicyWeight=90 -Dsun.zip.disableMemoryMapping=true -Xmx2G -Xms100m -Xlog:disable -javaagent:c:\Users\Administrator\.vscode\extensions\redhat.java-1.54.0-win32-x64\lombok\lombok-1.18.39-4050.jar -XX:+HeapDumpOnOutOfMemoryError -XX:HeapDumpPath=c:\Users\Administrator\AppData\Roaming\Code\User\workspaceStorage\8ec17e35a86be590eb1783ef47bd029b\redhat.java -Daether.dependencyCollector.impl=bf 
java_command: c:\Users\Administrator\.vscode\extensions\redhat.java-1.54.0-win32-x64\server\plugins\org.eclipse.equinox.launcher_1.7.100.v20251111-0406.jar -configuration c:\Users\Administrator\AppData\Roaming\Code\User\globalStorage\redhat.java\1.54.0\config_win -data c:\Users\Administrator\AppData\Roaming\Code\User\workspaceStorage\8ec17e35a86be590eb1783ef47bd029b\redhat.java\jdt_ws --pipe=\\.\pipe\lsp-b33b70c2a908301b2541e58822ea85b8-sock
java_class_path (initial): c:\Users\Administrator\.vscode\extensions\redhat.java-1.54.0-win32-x64\server\plugins\org.eclipse.equinox.launcher_1.7.100.v20251111-0406.jar
Launcher Type: SUN_STANDARD

[Global flags]
    uintx AdaptiveSizePolicyWeight                 = 90                                        {product} {command line}
     intx CICompilerCount                          = 3                                         {product} {ergonomic}
    uintx GCTimeRatio                              = 4                                         {product} {command line}
     bool HeapDumpOnOutOfMemoryError               = true                                   {manageable} {command line}
    ccstr HeapDumpPath                             = c:\Users\Administrator\AppData\Roaming\Code\User\workspaceStorage\8ec17e35a86be590eb1783ef47bd029b\redhat.java         {manageable} {command line}
   size_t InitialHeapSize                          = 104857600                                 {product} {command line}
   size_t MaxHeapSize                              = 2147483648                                {product} {command line}
   size_t MaxNewSize                               = 715653120                                 {product} {ergonomic}
   size_t MinHeapDeltaBytes                        = 524288                                    {product} {ergonomic}
   size_t MinHeapSize                              = 104857600                                 {product} {command line}
   size_t NewSize                                  = 34603008                                  {product} {ergonomic}
    uintx NonNMethodCodeHeapSize                   = 5832780                                {pd product} {ergonomic}
    uintx NonProfiledCodeHeapSize                  = 122912730                              {pd product} {ergonomic}
   size_t OldSize                                  = 70254592                                  {product} {ergonomic}
    uintx ProfiledCodeHeapSize                     = 122912730                              {pd product} {ergonomic}
    uintx ReservedCodeCacheSize                    = 251658240                              {pd product} {ergonomic}
     bool SegmentedCodeCache                       = true                                      {product} {ergonomic}
   size_t SoftMaxHeapSize                          = 2147483648                             {manageable} {ergonomic}
     bool UseCompressedOops                        = true                           {product lp64_product} {ergonomic}
     bool UseLargePagesIndividualAllocation        = false                                  {pd product} {ergonomic}
     bool UseParallelGC                            = true                                      {product} {command line}

Logging:
Log output configuration:
 #0: stdout all=off uptime,level,tags foldmultilines=false
 #1: stderr all=off uptime,level,tags foldmultilines=false

Release file:
JAVA_VERSION="21.0.10" 
MODULES="java.base java.compiler java.datatransfer java.xml java.prefs java.desktop java.instrument java.logging java.management java.security.sasl java.naming java.rmi java.management.rmi java.net.http java.scripting java.security.jgss java.transaction.xa java.sql java.sql.rowset java.xml.crypto java.se java.smartcardio jdk.accessibility jdk.internal.jvmstat jdk.attach jdk.charsets jdk.internal.opt jdk.zipfs jdk.compiler jdk.crypto.ec jdk.crypto.cryptoki jdk.crypto.mscapi jdk.dynalink jdk.internal.ed jdk.editpad jdk.hotspot.agent jdk.httpserver jdk.internal.le jdk.internal.vm.ci jdk.internal.vm.compiler jdk.internal.vm.compiler.management jdk.jartool jdk.javadoc jdk.jcmd jdk.management jdk.management.agent jdk.jconsole jdk.jdeps jdk.jdwp.agent jdk.jdi jdk.jfr jdk.jshell jdk.jsobject jdk.jstatd jdk.localedata jdk.management.jfr jdk.naming.dns jdk.naming.rmi jdk.net jdk.nio.mapmode jdk.random jdk.sctp jdk.security.auth jdk.security.jgss jdk.unsupported jdk.unsupported.desktop jdk.xml.dom" 

Environment Variables:
PATH=D:\T?i xu獼g ? D\bin\;C:\Program Files\Common Files\Oracle\Java\javapath;C:\WINDOWS\system32;C:\WINDOWS;C:\WINDOWS\System32\Wbem;C:\WINDOWS\System32\WindowsPowerShell\v1.0\;C:\WINDOWS\System32\OpenSSH\;C:\Program Files (x86)\Microsoft SQL Server\Client SDK\ODBC\110\Tools\Binn\;C:\Program Files (x86)\Microsoft SQL Server\120\Tools\Binn\;C:\Program Files (x86)\Microsoft SQL Server\120\DTS\Binn\;C:\mingw-w64\mingw64\bin;D:\Git\Git\cmd;C:\Program Files\TortoiseGit\bin;C:\Program Files\Docker\Docker\resources\bin;D:\;C:\Users\Administrator\AppData\Local\Programs\Python\Python312\Scripts\;C:\Users\Administrator\AppData\Local\Programs\Python\Python312\;C:\Users\Administrator\AppData\Local\Programs\Python\Launcher\;C:\Users\Administrator\AppData\Local\Microsoft\WindowsApps;C:\Users\Administrator\AppData\Local\Programs\Microsoft VS Code\bin;C:\Users\Administrator\AppData\Roaming\npm
USERNAME=Administrator
OS=Windows_NT
PROCESSOR_IDENTIFIER=Intel64 Family 6 Model 142 Stepping 9, GenuineIntel
TMP=C:\Users\ADMINI~1\AppData\Local\Temp
TEMP=C:\Users\ADMINI~1\AppData\Local\Temp




Periodic native trim disabled

---------------  S Y S T E M  ---------------

OS:
 Windows 10 , 64 bit Build 19041 (10.0.19041.3636)
OS uptime: 2 days 19:48 hours
Hyper-V role detected

CPU: total 4 (initial active 4) (2 cores per cpu, 2 threads per core) family 6 model 142 stepping 9 microcode 0xf0, cx8, cmov, fxsr, ht, mmx, 3dnowpref, sse, sse2, sse3, ssse3, sse4.1, sse4.2, popcnt, lzcnt, tsc, tscinvbit, avx, avx2, aes, erms, clmul, bmi1, bmi2, adx, fma, vzeroupper, clflush, clflushopt, hv, rdtscp, f16c
Processor Information for the first 4 processors :
  Max Mhz: 2701, Current Mhz: 2701, Mhz Limit: 2701

Memory: 4k page, system-wide physical 8089M (243M free)
TotalPageFile size 10137M (AvailPageFile size 8M)
current process WorkingSet (physical memory assigned to process): 768M, peak: 867M
current process commit charge ("private bytes"): 982M, peak: 982M

vm_info: OpenJDK 64-Bit Server VM (21.0.10+7-LTS) for windows-amd64 JRE (21.0.10+7-LTS), built on 2026-01-20T00:00:00Z by "admin" with MS VC++ 17.12 (VS2022)

END.
